# JRE version: OpenJDK Runtime Environment (11.0.7+10) (build 11.0.7+10-post-Ubuntu-2ubuntu218.04)
# Java VM: OpenJDK 64-Bit Server VM (11.0.7+10-post-Ubuntu-2ubuntu218.04, mixed mode, sharing, tiered, compressed oops, g1 gc, linux-amd64)
Heap:
 garbage-first heap   total 195584K, used 122066K [0x0000000083800000, 0x0000000100000000)
  region size 1024K, 77 young (78848K), 9 survivors (9216K)
 Metaspace       used 63995K, capacity 70405K, committed 70652K, reserved 1110016K
  class space    used 7802K, capacity 9971K, committed 9984K, reserved 1048576K
GC Heap History (20 events):
Event: 1.068 GC heap before
{Heap before GC invocations=0 (full 0):
 garbage-first heap   total 131072K, used 14020K [0x0000000083800000, 0x0000000100000000)
  region size 1024K, 14 young (14336K), 0 survivors (0K)
 Metaspace       used 4426K, capacity 5666K, committed 6016K, reserved 1056768K
  class space    used 420K, capacity 531K, committed 640K, reserved 1048576K
}
Event: 1.093 GC heap after
{Heap after GC invocations=1 (full 0):
 garbage-first heap   total 131072K, used 3410K [0x0000000083800000, 0x0000000100000000)
  region size 1024K, 2 young (2048K), 2 survivors (2048K)
 Metaspace       used 4426K, capacity 5666K, committed 6016K, reserved 1056768K
  class space    used 420K, capacity 531K, committed 640K, reserved 1048576K
}
Event: 1.614 GC heap before
{Heap before GC invocations=1 (full 0):
 garbage-first heap   total 131072K, used 17746K [0x0000000083800000, 0x0000000100000000)
  region size 1024K, 16 young (16384K), 2 survivors (2048K)
 Metaspace       used 6971K, capacity 7546K, committed 7680K, reserved 1056768K
  class space    used 655K, capacity 726K, committed 768K, reserved 1048576K
}
Event: 1.637 GC heap after
{Heap after GC invocations=2 (full 0):
 garbage-first heap   total 131072K, used 8457K [0x0000000083800000, 0x0000000100000000)
  region size 1024K, 2 young (2048K), 2 survivors (2048K)
 Metaspace       used 6971K, capacity 7546K, committed 7680K, reserved 1056768K
  class space    used 655K, capacity 726K, committed 768K, reserved 1048576K
}
Event: 1.831 GC heap before
{Heap before GC invocations=2 (full 0):
 garbage-first heap   total 131072K, used 14601K [0x0000000083800000, 0x0000000100000000)
  region size 1024K, 8 young (8192K), 2 survivors (2048K)
 Metaspace       used 7421K, capacity 8083K, committed 8320K, reserved 1056768K
  class space    used 690K, capacity 774K, committed 896K, reserved 1048576K
}
Event: 1.841 GC heap after
{Heap after GC invocations=3 (full 0):
 garbage-first heap   total 131072K, used 8920K [0x0000000083800000, 0x0000000100000000)
  region size 1024K, 1 young (1024K), 1 survivors (1024K)
 Metaspace       used 7421K, capacity 8083K, committed 8320K, reserved 1056768K
  class space    used 690K, capacity 774K, committed 896K, reserved 1048576K
}
Event: 3.458 GC heap before
{Heap before GC invocations=3 (full 0):
 garbage-first heap   total 131072K, used 33496K [0x0000000083800000, 0x0000000100000000)
  region size 1024K, 26 young (26624K), 1 survivors (1024K)
 Metaspace       used 15882K, capacity 17374K, committed 17536K, reserved 1064960K
  class space    used 1513K, capacity 2051K, committed 2176K, reserved 1048576K
}
Event: 3.470 GC heap after
{Heap after GC invocations=4 (full 0):
 garbage-first heap   total 131072K, used 13240K [0x0000000083800000, 0x0000000100000000)
  region size 1024K, 4 young (4096K), 4 survivors (4096K)
 Metaspace       used 15882K, capacity 17374K, committed 17536K, reserved 1064960K
  class space    used 1513K, capacity 2051K, committed 2176K, reserved 1048576K
}
Event: 3.963 GC heap before
{Heap before GC invocations=4 (full 0):
 garbage-first heap   total 131072K, used 24504K [0x0000000083800000, 0x0000000100000000)
  region size 1024K, 16 young (16384K), 4 survivors (4096K)
 Metaspace       used 18899K, capacity 21042K, committed 21248K, reserved 1069056K
  class space    used 1814K, capacity 2530K, committed 2560K, reserved 1048576K
}
Event: 3.976 GC heap after
{Heap after GC invocations=5 (full 0):
 garbage-first heap   total 162816K, used 16597K [0x0000000083800000, 0x0000000100000000)
  region size 1024K, 8 young (8192K), 8 survivors (8192K)
 Metaspace       used 18899K, capacity 21042K, committed 21248K, reserved 1069056K
  class space    used 1814K, capacity 2530K, committed 2560K, reserved 1048576K
}
Event: 6.308 GC heap before
{Heap before GC invocations=6 (full 0):
 garbage-first heap   total 162816K, used 61653K [0x0000000083800000, 0x0000000100000000)
  region size 1024K, 51 young (52224K), 8 survivors (8192K)
 Metaspace       used 29671K, capacity 32822K, committed 33148K, reserved 1077248K
  class space    used 3262K, capacity 4443K, committed 4480K, reserved 1048576K
}
Event: 6.338 GC heap after
{Heap after GC invocations=7 (full 0):
 garbage-first heap   total 162816K, used 23257K [0x0000000083800000, 0x0000000100000000)
  region size 1024K, 7 young (7168K), 7 survivors (7168K)
 Metaspace       used 29671K, capacity 32822K, committed 33148K, reserved 1077248K
  class space    used 3262K, capacity 4443K, committed 4480K, reserved 1048576K
}
Event: 6.817 GC heap before
{Heap before GC invocations=7 (full 0):
 garbage-first heap   total 162816K, used 35545K [0x0000000083800000, 0x0000000100000000)
  region size 1024K, 21 young (21504K), 7 survivors (7168K)
 Metaspace       used 32618K, capacity 35782K, committed 35964K, reserved 1081344K
  class space    used 3593K, capacity 4728K, committed 4736K, reserved 1048576K
}
Event: 6.831 GC heap after
{Heap after GC invocations=8 (full 0):
 garbage-first heap   total 162816K, used 26827K [0x0000000083800000, 0x0000000100000000)
  region size 1024K, 8 young (8192K), 8 survivors (8192K)
 Metaspace       used 32618K, capacity 35782K, committed 35964K, reserved 1081344K
  class space    used 3593K, capacity 4728K, committed 4736K, reserved 1048576K
}
Event: 8.640 GC heap before
{Heap before GC invocations=9 (full 0):
 garbage-first heap   total 162816K, used 77003K [0x0000000083800000, 0x0000000100000000)
  region size 1024K, 57 young (58368K), 8 survivors (8192K)
 Metaspace       used 44601K, capacity 48795K, committed 49148K, reserved 1091584K
  class space    used 5095K, capacity 6551K, committed 6656K, reserved 1048576K
}
Event: 8.666 GC heap after
{Heap after GC invocations=10 (full 0):
 garbage-first heap   total 162816K, used 34782K [0x0000000083800000, 0x0000000100000000)
  region size 1024K, 8 young (8192K), 8 survivors (8192K)
 Metaspace       used 44601K, capacity 48795K, committed 49148K, reserved 1091584K
  class space    used 5095K, capacity 6551K, committed 6656K, reserved 1048576K
}
Event: 11.199 GC heap before
{Heap before GC invocations=11 (full 0):
 garbage-first heap   total 162816K, used 91102K [0x0000000083800000, 0x0000000100000000)
  region size 1024K, 63 young (64512K), 8 survivors (8192K)
 Metaspace       used 57942K, capacity 63804K, committed 64124K, reserved 1103872K
  class space    used 7013K, capacity 8972K, committed 9088K, reserved 1048576K
}
Event: 11.234 GC heap after
{Heap after GC invocations=12 (full 0):
 garbage-first heap   total 195584K, used 40538K [0x0000000083800000, 0x0000000100000000)
  region size 1024K, 6 young (6144K), 6 survivors (6144K)
 Metaspace       used 57942K, capacity 63804K, committed 64124K, reserved 1103872K
  class space    used 7013K, capacity 8972K, committed 9088K, reserved 1048576K
}
Event: 12.616 GC heap before
{Heap before GC invocations=12 (full 0):
 garbage-first heap   total 195584K, used 106074K [0x0000000083800000, 0x0000000100000000)
  region size 1024K, 71 young (72704K), 6 survivors (6144K)
 Metaspace       used 62748K, capacity 69137K, committed 69500K, reserved 1110016K
  class space    used 7586K, capacity 9742K, committed 9856K, reserved 1048576K
}
Event: 12.643 GC heap after
{Heap after GC invocations=13 (full 0):
 garbage-first heap   total 195584K, used 53458K [0x0000000083800000, 0x0000000100000000)
  region size 1024K, 9 young (9216K), 9 survivors (9216K)
 Metaspace       used 62748K, capacity 69137K, committed 69500K, reserved 1110016K
  class space    used 7586K, capacity 9742K, committed 9856K, reserved 1048576K
}

