# JRE version: OpenJDK Runtime Environment (11.0.7+10) (build 11.0.7+10-post-Ubuntu-2ubuntu218.04)
# Java VM: OpenJDK 64-Bit Server VM (11.0.7+10-post-Ubuntu-2ubuntu218.04, mixed mode, sharing, tiered, compressed oops, g1 gc, linux-amd64)
Heap:
 garbage-first heap   total 242688K, used 155679K [0x0000000083800000, 0x0000000100000000)
  region size 1024K, 53 young (54272K), 4 survivors (4096K)
 Metaspace       used 90700K, capacity 97558K, committed 98044K, reserved 1134592K
  class space    used 10707K, capacity 12988K, committed 13056K, reserved 1048576K
GC Heap History (20 events):
Event: 2790.892 GC heap before
{Heap before GC invocations=44 (full 0):
 garbage-first heap   total 242688K, used 209386K [0x0000000083800000, 0x0000000100000000)
  region size 1024K, 105 young (107520K), 1 survivors (1024K)
 Metaspace       used 90123K, capacity 97085K, committed 97532K, reserved 1134592K
  class space    used 10699K, capacity 12985K, committed 13056K, reserved 1048576K
}
Event: 2790.897 GC heap after
{Heap after GC invocations=45 (full 0):
 garbage-first heap   total 242688K, used 102895K [0x0000000083800000, 0x0000000100000000)
  region size 1024K, 1 young (1024K), 1 survivors (1024K)
 Metaspace       used 90123K, capacity 97085K, committed 97532K, reserved 1134592K
  class space    used 10699K, capacity 12985K, committed 13056K, reserved 1048576K
}
Event: 2942.949 GC heap before
{Heap before GC invocations=45 (full 0):
 garbage-first heap   total 242688K, used 209391K [0x0000000083800000, 0x0000000100000000)
  region size 1024K, 105 young (107520K), 1 survivors (1024K)
 Metaspace       used 90123K, capacity 97085K, committed 97532K, reserved 1134592K
  class space    used 10699K, capacity 12985K, committed 13056K, reserved 1048576K
}
Event: 2942.961 GC heap after
{Heap after GC invocations=46 (full 0):
 garbage-first heap   total 242688K, used 102881K [0x0000000083800000, 0x0000000100000000)
  region size 1024K, 1 young (1024K), 1 survivors (1024K)
 Metaspace       used 90123K, capacity 97085K, committed 97532K, reserved 1134592K
  class space    used 10699K, capacity 12985K, committed 13056K, reserved 1048576K
}
Event: 3098.284 GC heap before
{Heap before GC invocations=46 (full 0):
 garbage-first heap   total 242688K, used 210401K [0x0000000083800000, 0x0000000100000000)
  region size 1024K, 106 young (108544K), 1 survivors (1024K)
 Metaspace       used 90124K, capacity 97085K, committed 97532K, reserved 1134592K
  class space    used 10699K, capacity 12985K, committed 13056K, reserved 1048576K
}
Event: 3098.302 GC heap after
{Heap after GC invocations=47 (full 0):
 garbage-first heap   total 242688K, used 102926K [0x0000000083800000, 0x0000000100000000)
  region size 1024K, 1 young (1024K), 1 survivors (1024K)
 Metaspace       used 90124K, capacity 97085K, committed 97532K, reserved 1134592K
  class space    used 10699K, capacity 12985K, committed 13056K, reserved 1048576K
}
Event: 3252.175 GC heap before
{Heap before GC invocations=47 (full 0):
 garbage-first heap   total 242688K, used 210446K [0x0000000083800000, 0x0000000100000000)
  region size 1024K, 106 young (108544K), 1 survivors (1024K)
 Metaspace       used 90124K, capacity 97085K, committed 97532K, reserved 1134592K
  class space    used 10699K, capacity 12985K, committed 13056K, reserved 1048576K
}
Event: 3252.189 GC heap after
{Heap after GC invocations=48 (full 0):
 garbage-first heap   total 242688K, used 103175K [0x0000000083800000, 0x0000000100000000)
  region size 1024K, 1 young (1024K), 1 survivors (1024K)
 Metaspace       used 90124K, capacity 97085K, committed 97532K, reserved 1134592K
  class space    used 10699K, capacity 12985K, committed 13056K, reserved 1048576K
}
Event: 3406.057 GC heap before
{Heap before GC invocations=48 (full 0):
 garbage-first heap   total 242688K, used 210695K [0x0000000083800000, 0x0000000100000000)
  region size 1024K, 106 young (108544K), 1 survivors (1024K)
 Metaspace       used 90124K, capacity 97085K, committed 97532K, reserved 1134592K
  class space    used 10699K, capacity 12985K, committed 13056K, reserved 1048576K
}
Event: 3406.062 GC heap after
{Heap after GC invocations=49 (full 0):
 garbage-first heap   total 242688K, used 103078K [0x0000000083800000, 0x0000000100000000)
  region size 1024K, 1 young (1024K), 1 survivors (1024K)
 Metaspace       used 90124K, capacity 97085K, committed 97532K, reserved 1134592K
  class space    used 10699K, capacity 12985K, committed 13056K, reserved 1048576K
}
Event: 3559.590 GC heap before
{Heap before GC invocations=49 (full 0):
 garbage-first heap   total 242688K, used 210598K [0x0000000083800000, 0x0000000100000000)
  region size 1024K, 106 young (108544K), 1 survivors (1024K)
 Metaspace       used 90124K, capacity 97085K, committed 97532K, reserved 1134592K
  class space    used 10699K, capacity 12985K, committed 13056K, reserved 1048576K
}
Event: 3559.596 GC heap after
{Heap after GC invocations=50 (full 0):
 garbage-first heap   total 242688K, used 103300K [0x0000000083800000, 0x0000000100000000)
  region size 1024K, 1 young (1024K), 1 survivors (1024K)
 Metaspace       used 90124K, capacity 97085K, committed 97532K, reserved 1134592K
  class space    used 10699K, capacity 12985K, committed 13056K, reserved 1048576K
}
Event: 3672.853 GC heap before
{Heap before GC invocations=50 (full 0):
 garbage-first heap   total 242688K, used 209796K [0x0000000083800000, 0x0000000100000000)
  region size 1024K, 106 young (108544K), 1 survivors (1024K)
 Metaspace       used 90322K, capacity 97220K, committed 97788K, reserved 1134592K
  class space    used 10699K, capacity 12985K, committed 13056K, reserved 1048576K
}
Event: 3672.885 GC heap after
{Heap after GC invocations=51 (full 0):
 garbage-first heap   total 242688K, used 106509K [0x0000000083800000, 0x0000000100000000)
  region size 1024K, 5 young (5120K), 5 survivors (5120K)
 Metaspace       used 90322K, capacity 97220K, committed 97788K, reserved 1134592K
  class space    used 10699K, capacity 12985K, committed 13056K, reserved 1048576K
}
Event: 3794.339 GC heap before
{Heap before GC invocations=51 (full 0):
 garbage-first heap   total 242688K, used 209933K [0x0000000083800000, 0x0000000100000000)
  region size 1024K, 106 young (108544K), 5 survivors (5120K)
 Metaspace       used 90435K, capacity 97349K, committed 97788K, reserved 1134592K
  class space    used 10704K, capacity 12985K, committed 13056K, reserved 1048576K
}
Event: 3794.348 GC heap after
{Heap after GC invocations=52 (full 0):
 garbage-first heap   total 242688K, used 106518K [0x0000000083800000, 0x0000000100000000)
  region size 1024K, 4 young (4096K), 4 survivors (4096K)
 Metaspace       used 90435K, capacity 97349K, committed 97788K, reserved 1134592K
  class space    used 10704K, capacity 12985K, committed 13056K, reserved 1048576K
}
Event: 3914.453 GC heap before
{Heap before GC invocations=52 (full 0):
 garbage-first heap   total 242688K, used 209942K [0x0000000083800000, 0x0000000100000000)
  region size 1024K, 105 young (107520K), 4 survivors (4096K)
 Metaspace       used 90569K, capacity 97493K, committed 98044K, reserved 1134592K
  class space    used 10705K, capacity 12988K, committed 13056K, reserved 1048576K
}
Event: 3914.467 GC heap after
{Heap after GC invocations=53 (full 0):
 garbage-first heap   total 242688K, used 106375K [0x0000000083800000, 0x0000000100000000)
  region size 1024K, 4 young (4096K), 4 survivors (4096K)
 Metaspace       used 90569K, capacity 97493K, committed 98044K, reserved 1134592K
  class space    used 10705K, capacity 12988K, committed 13056K, reserved 1048576K
}
Event: 4044.905 GC heap before
{Heap before GC invocations=53 (full 0):
 garbage-first heap   total 242688K, used 209799K [0x0000000083800000, 0x0000000100000000)
  region size 1024K, 105 young (107520K), 4 survivors (4096K)
 Metaspace       used 90700K, capacity 97558K, committed 98044K, reserved 1134592K
  class space    used 10707K, capacity 12988K, committed 13056K, reserved 1048576K
}
Event: 4044.937 GC heap after
{Heap after GC invocations=54 (full 0):
 garbage-first heap   total 242688K, used 106527K [0x0000000083800000, 0x0000000100000000)
  region size 1024K, 4 young (4096K), 4 survivors (4096K)
 Metaspace       used 90700K, capacity 97558K, committed 98044K, reserved 1134592K
  class space    used 10707K, capacity 12988K, committed 13056K, reserved 1048576K
}

