# JRE version: OpenJDK Runtime Environment (11.0.7+10) (build 11.0.7+10-post-Ubuntu-2ubuntu218.04)
# Java VM: OpenJDK 64-Bit Server VM (11.0.7+10-post-Ubuntu-2ubuntu218.04, mixed mode, sharing, tiered, compressed oops, g1 gc, linux-amd64)
Heap:
 garbage-first heap   total 205824K, used 47812K [0x0000000083800000, 0x0000000100000000)
  region size 1024K, 9 young (9216K), 8 survivors (8192K)
 Metaspace       used 63681K, capacity 70074K, committed 70248K, reserved 1110016K
  class space    used 7713K, capacity 9826K, committed 9836K, reserved 1048576K
GC Heap History (18 events):
Event: 0.438 GC heap before
{Heap before GC invocations=0 (full 0):
 garbage-first heap   total 131072K, used 14020K [0x0000000083800000, 0x0000000100000000)
  region size 1024K, 14 young (14336K), 0 survivors (0K)
 Metaspace       used 4431K, capacity 5666K, committed 6016K, reserved 1056768K
  class space    used 420K, capacity 531K, committed 640K, reserved 1048576K
}
Event: 0.449 GC heap after
{Heap after GC invocations=1 (full 0):
 garbage-first heap   total 131072K, used 3409K [0x0000000083800000, 0x0000000100000000)
  region size 1024K, 2 young (2048K), 2 survivors (2048K)
 Metaspace       used 4431K, capacity 5666K, committed 6016K, reserved 1056768K
  class space    used 420K, capacity 531K, committed 640K, reserved 1048576K
}
Event: 0.623 GC heap before
{Heap before GC invocations=1 (full 0):
 garbage-first heap   total 131072K, used 14673K [0x0000000083800000, 0x0000000100000000)
  region size 1024K, 13 young (13312K), 2 survivors (2048K)
 Metaspace       used 6071K, capacity 6798K, committed 7168K, reserved 1056768K
  class space    used 562K, capacity 652K, committed 768K, reserved 1048576K
}
Event: 0.631 GC heap after
{Heap after GC invocations=2 (full 0):
 garbage-first heap   total 131072K, used 8093K [0x0000000083800000, 0x0000000100000000)
  region size 1024K, 2 young (2048K), 2 survivors (2048K)
 Metaspace       used 6071K, capacity 6798K, committed 7168K, reserved 1056768K
  class space    used 562K, capacity 652K, committed 768K, reserved 1048576K
}
Event: 0.931 GC heap before
{Heap before GC invocations=2 (full 0):
 garbage-first heap   total 131072K, used 22429K [0x0000000083800000, 0x0000000100000000)
  region size 1024K, 17 young (17408K), 2 survivors (2048K)
 Metaspace       used 8691K, capacity 9452K, committed 9856K, reserved 1058816K
  class space    used 833K, capacity 1037K, committed 1152K, reserved 1048576K
}
Event: 0.937 GC heap after
{Heap after GC invocations=3 (full 0):
 garbage-first heap   total 131072K, used 10083K [0x0000000083800000, 0x0000000100000000)
  region size 1024K, 2 young (2048K), 2 survivors (2048K)
 Metaspace       used 8691K, capacity 9452K, committed 9856K, reserved 1058816K
  class space    used 833K, capacity 1037K, committed 1152K, reserved 1048576K
}
Event: 1.753 GC heap before
{Heap before GC invocations=3 (full 0):
 garbage-first heap   total 131072K, used 39779K [0x0000000083800000, 0x0000000100000000)
  region size 1024K, 33 young (33792K), 2 survivors (2048K)
 Metaspace       used 18880K, capacity 21036K, committed 21248K, reserved 1069056K
  class space    used 1814K, capacity 2529K, committed 2560K, reserved 1048576K
}
Event: 1.761 GC heap after
{Heap after GC invocations=4 (full 0):
 garbage-first heap   total 131072K, used 15792K [0x0000000083800000, 0x0000000100000000)
  region size 1024K, 8 young (8192K), 8 survivors (8192K)
 Metaspace       used 18880K, capacity 21036K, committed 21248K, reserved 1069056K
  class space    used 1814K, capacity 2529K, committed 2560K, reserved 1048576K
}
Event: 2.904 GC heap before
{Heap before GC invocations=5 (full 0):
 garbage-first heap   total 131072K, used 68016K [0x0000000083800000, 0x0000000100000000)
  region size 1024K, 58 young (59392K), 8 survivors (8192K)
 Metaspace       used 30870K, capacity 34166K, committed 34300K, reserved 1079296K
  class space    used 3415K, capacity 4551K, committed 4608K, reserved 1048576K
}
Event: 2.919 GC heap after
{Heap after GC invocations=6 (full 0):
 garbage-first heap   total 171008K, used 24033K [0x0000000083800000, 0x0000000100000000)
  region size 1024K, 8 young (8192K), 8 survivors (8192K)
 Metaspace       used 30870K, capacity 34166K, committed 34300K, reserved 1079296K
  class space    used 3415K, capacity 4551K, committed 4608K, reserved 1048576K
}
Event: 3.057 GC heap before
{Heap before GC invocations=6 (full 0):
 garbage-first heap   total 171008K, used 30177K [0x0000000083800000, 0x0000000100000000)
  region size 1024K, 16 young (16384K), 8 survivors (8192K)
 Metaspace       used 32601K, capacity 35840K, committed 35964K, reserved 1081344K
  class space    used 3596K, capacity 4727K, committed 4736K, reserved 1048576K
}
Event: 3.067 GC heap after
{Heap after GC invocations=7 (full 0):
 garbage-first heap   total 171008K, used 26301K [0x0000000083800000, 0x0000000100000000)
  region size 1024K, 2 young (2048K), 2 survivors (2048K)
 Metaspace       used 32601K, capacity 35840K, committed 35964K, reserved 1081344K
  class space    used 3596K, capacity 4727K, committed 4736K, reserved 1048576K
}
Event: 4.386 GC heap before
{Heap before GC invocations=8 (full 0):
 garbage-first heap   total 171008K, used 82621K [0x0000000083800000, 0x0000000100000000)
  region size 1024K, 58 young (59392K), 2 survivors (2048K)
 Metaspace       used 45375K, capacity 49755K, committed 50024K, reserved 1093632K
  class space    used 5188K, capacity 6653K, committed 6764K, reserved 1048576K
}
Event: 4.396 GC heap after
{Heap after GC invocations=9 (full 0):
 garbage-first heap   total 171008K, used 35855K [0x0000000083800000, 0x0000000100000000)
  region size 1024K, 8 young (8192K), 8 survivors (8192K)
 Metaspace       used 45375K, capacity 49755K, committed 50024K, reserved 1093632K
  class space    used 5188K, capacity 6653K, committed 6764K, reserved 1048576K
}
Event: 5.665 GC heap before
{Heap before GC invocations=10 (full 0):
 garbage-first heap   total 171008K, used 94223K [0x0000000083800000, 0x0000000100000000)
  region size 1024K, 65 young (66560K), 8 survivors (8192K)
 Metaspace       used 54559K, capacity 60180K, committed 60520K, reserved 1101824K
  class space    used 6498K, capacity 8455K, committed 8556K, reserved 1048576K
}
Event: 5.679 GC heap after
{Heap after GC invocations=11 (full 0):
 garbage-first heap   total 171008K, used 40834K [0x0000000083800000, 0x0000000100000000)
  region size 1024K, 4 young (4096K), 4 survivors (4096K)
 Metaspace       used 54559K, capacity 60180K, committed 60520K, reserved 1101824K
  class space    used 6498K, capacity 8455K, committed 8556K, reserved 1048576K
}
Event: 15.604 GC heap before
{Heap before GC invocations=11 (full 0):
 garbage-first heap   total 171008K, used 100226K [0x0000000083800000, 0x0000000100000000)
  region size 1024K, 63 young (64512K), 4 survivors (4096K)
 Metaspace       used 63681K, capacity 70074K, committed 70248K, reserved 1110016K
  class space    used 7713K, capacity 9826K, committed 9836K, reserved 1048576K
}
Event: 15.618 GC heap after
{Heap after GC invocations=12 (full 0):
 garbage-first heap   total 205824K, used 47812K [0x0000000083800000, 0x0000000100000000)
  region size 1024K, 8 young (8192K), 8 survivors (8192K)
 Metaspace       used 63681K, capacity 70074K, committed 70248K, reserved 1110016K
  class space    used 7713K, capacity 9826K, committed 9836K, reserved 1048576K
}

