# JRE version: OpenJDK Runtime Environment (11.0.7+10) (build 11.0.7+10-post-Ubuntu-2ubuntu218.04)
# Java VM: OpenJDK 64-Bit Server VM (11.0.7+10-post-Ubuntu-2ubuntu218.04, mixed mode, sharing, tiered, compressed oops, g1 gc, linux-amd64)
Heap:
 garbage-first heap   total 354304K, used 219126K [0x0000000083800000, 0x0000000100000000)
  region size 1024K, 86 young (88064K), 3 survivors (3072K)
 Metaspace       used 120226K, capacity 128581K, committed 129572K, reserved 1163264K
  class space    used 13394K, capacity 16248K, committed 16512K, reserved 1048576K
GC Heap History (20 events):
Event: 7807.381 GC heap before
{Heap before GC invocations=253 (full 0):
 garbage-first heap   total 354304K, used 289452K [0x0000000083800000, 0x0000000100000000)
  region size 1024K, 138 young (141312K), 3 survivors (3072K)
 Metaspace       used 119981K, capacity 128392K, committed 129316K, reserved 1163264K
  class space    used 13388K, capacity 16239K, committed 16512K, reserved 1048576K
}
Event: 7807.390 GC heap after
{Heap after GC invocations=254 (full 0):
 garbage-first heap   total 354304K, used 154284K [0x0000000083800000, 0x0000000100000000)
  region size 1024K, 6 young (6144K), 6 survivors (6144K)
 Metaspace       used 119981K, capacity 128392K, committed 129316K, reserved 1163264K
  class space    used 13388K, capacity 16239K, committed 16512K, reserved 1048576K
}
Event: 7887.656 GC heap before
{Heap before GC invocations=255 (full 0):
 garbage-first heap   total 354304K, used 286380K [0x0000000083800000, 0x0000000100000000)
  region size 1024K, 141 young (144384K), 6 survivors (6144K)
 Metaspace       used 120010K, capacity 128393K, committed 129316K, reserved 1163264K
  class space    used 13389K, capacity 16239K, committed 16512K, reserved 1048576K
}
Event: 7887.668 GC heap after
{Heap after GC invocations=256 (full 0):
 garbage-first heap   total 354304K, used 149681K [0x0000000083800000, 0x0000000100000000)
  region size 1024K, 8 young (8192K), 8 survivors (8192K)
 Metaspace       used 120010K, capacity 128393K, committed 129316K, reserved 1163264K
  class space    used 13389K, capacity 16239K, committed 16512K, reserved 1048576K
}
Event: 7890.691 GC heap before
{Heap before GC invocations=256 (full 0):
 garbage-first heap   total 354304K, used 158897K [0x0000000083800000, 0x0000000100000000)
  region size 1024K, 17 young (17408K), 8 survivors (8192K)
 Metaspace       used 120011K, capacity 128393K, committed 129316K, reserved 1163264K
  class space    used 13389K, capacity 16239K, committed 16512K, reserved 1048576K
}
Event: 7890.704 GC heap after
{Heap after GC invocations=257 (full 0):
 garbage-first heap   total 354304K, used 137536K [0x0000000083800000, 0x0000000100000000)
  region size 1024K, 2 young (2048K), 2 survivors (2048K)
 Metaspace       used 120011K, capacity 128393K, committed 129316K, reserved 1163264K
  class space    used 13389K, capacity 16239K, committed 16512K, reserved 1048576K
}
Event: 7939.160 GC heap before
{Heap before GC invocations=257 (full 0):
 garbage-first heap   total 354304K, used 284992K [0x0000000083800000, 0x0000000100000000)
  region size 1024K, 146 young (149504K), 2 survivors (2048K)
 Metaspace       used 120067K, capacity 128394K, committed 129316K, reserved 1163264K
  class space    used 13389K, capacity 16239K, committed 16512K, reserved 1048576K
}
Event: 7939.167 GC heap after
{Heap after GC invocations=258 (full 0):
 garbage-first heap   total 354304K, used 139187K [0x0000000083800000, 0x0000000100000000)
  region size 1024K, 4 young (4096K), 4 survivors (4096K)
 Metaspace       used 120067K, capacity 128394K, committed 129316K, reserved 1163264K
  class space    used 13389K, capacity 16239K, committed 16512K, reserved 1048576K
}
Event: 8057.216 GC heap before
{Heap before GC invocations=259 (full 0):
 garbage-first heap   total 354304K, used 287667K [0x0000000083800000, 0x0000000100000000)
  region size 1024K, 149 young (152576K), 4 survivors (4096K)
 Metaspace       used 120143K, capacity 128449K, committed 129316K, reserved 1163264K
  class space    used 13394K, capacity 16248K, committed 16512K, reserved 1048576K
}
Event: 8057.222 GC heap after
{Heap after GC invocations=260 (full 0):
 garbage-first heap   total 354304K, used 140249K [0x0000000083800000, 0x0000000100000000)
  region size 1024K, 5 young (5120K), 5 survivors (5120K)
 Metaspace       used 120143K, capacity 128449K, committed 129316K, reserved 1163264K
  class space    used 13394K, capacity 16248K, committed 16512K, reserved 1048576K
}
Event: 8060.918 GC heap before
{Heap before GC invocations=260 (full 0):
 garbage-first heap   total 354304K, used 152537K [0x0000000083800000, 0x0000000100000000)
  region size 1024K, 17 young (17408K), 5 survivors (5120K)
 Metaspace       used 120146K, capacity 128449K, committed 129316K, reserved 1163264K
  class space    used 13394K, capacity 16248K, committed 16512K, reserved 1048576K
}
Event: 8060.940 GC heap after
{Heap after GC invocations=261 (full 0):
 garbage-first heap   total 354304K, used 138168K [0x0000000083800000, 0x0000000100000000)
  region size 1024K, 3 young (3072K), 3 survivors (3072K)
 Metaspace       used 120146K, capacity 128449K, committed 129316K, reserved 1163264K
  class space    used 13394K, capacity 16248K, committed 16512K, reserved 1048576K
}
Event: 8088.981 GC heap before
{Heap before GC invocations=261 (full 0):
 garbage-first heap   total 354304K, used 287672K [0x0000000083800000, 0x0000000100000000)
  region size 1024K, 150 young (153600K), 3 survivors (3072K)
 Metaspace       used 120171K, capacity 128449K, committed 129316K, reserved 1163264K
  class space    used 13394K, capacity 16248K, committed 16512K, reserved 1048576K
}
Event: 8088.988 GC heap after
{Heap after GC invocations=262 (full 0):
 garbage-first heap   total 354304K, used 138160K [0x0000000083800000, 0x0000000100000000)
  region size 1024K, 3 young (3072K), 3 survivors (3072K)
 Metaspace       used 120171K, capacity 128449K, committed 129316K, reserved 1163264K
  class space    used 13394K, capacity 16248K, committed 16512K, reserved 1048576K
}
Event: 8115.005 GC heap before
{Heap before GC invocations=263 (full 0):
 garbage-first heap   total 354304K, used 291252K [0x0000000083800000, 0x0000000100000000)
  region size 1024K, 153 young (156672K), 3 survivors (3072K)
 Metaspace       used 120210K, capacity 128579K, committed 129572K, reserved 1163264K
  class space    used 13394K, capacity 16248K, committed 16512K, reserved 1048576K
}
Event: 8115.012 GC heap after
{Heap after GC invocations=264 (full 0):
 garbage-first heap   total 354304K, used 138577K [0x0000000083800000, 0x0000000100000000)
  region size 1024K, 4 young (4096K), 4 survivors (4096K)
 Metaspace       used 120210K, capacity 128579K, committed 129572K, reserved 1163264K
  class space    used 13394K, capacity 16248K, committed 16512K, reserved 1048576K
}
Event: 8118.831 GC heap before
{Heap before GC invocations=264 (full 0):
 garbage-first heap   total 354304K, used 151889K [0x0000000083800000, 0x0000000100000000)
  region size 1024K, 17 young (17408K), 4 survivors (4096K)
 Metaspace       used 120213K, capacity 128579K, committed 129572K, reserved 1163264K
  class space    used 13394K, capacity 16248K, committed 16512K, reserved 1048576K
}
Event: 8118.843 GC heap after
{Heap after GC invocations=265 (full 0):
 garbage-first heap   total 354304K, used 132827K [0x0000000083800000, 0x0000000100000000)
  region size 1024K, 1 young (1024K), 1 survivors (1024K)
 Metaspace       used 120213K, capacity 128579K, committed 129572K, reserved 1163264K
  class space    used 13394K, capacity 16248K, committed 16512K, reserved 1048576K
}
Event: 8141.641 GC heap before
{Heap before GC invocations=265 (full 0):
 garbage-first heap   total 354304K, used 291547K [0x0000000083800000, 0x0000000100000000)
  region size 1024K, 157 young (160768K), 1 survivors (1024K)
 Metaspace       used 120226K, capacity 128581K, committed 129572K, reserved 1163264K
  class space    used 13394K, capacity 16248K, committed 16512K, reserved 1048576K
}
Event: 8141.652 GC heap after
{Heap after GC invocations=266 (full 0):
 garbage-first heap   total 354304K, used 135158K [0x0000000083800000, 0x0000000100000000)
  region size 1024K, 3 young (3072K), 3 survivors (3072K)
 Metaspace       used 120226K, capacity 128581K, committed 129572K, reserved 1163264K
  class space    used 13394K, capacity 16248K, committed 16512K, reserved 1048576K
}

